02:42:39 | INFO | Base: 0x7FFA5B4D0000 Size: 19419136
02:42:39 | INFO | Game Base: 0x7FF712480000 Size: 67057664
02:42:40 | INFO | Pointers cache: Loaded 2 fields from the cache in 0ms
02:42:40 | INFO | Pointers cache: Loaded 260 fields from the cache in 0ms
02:42:40 | INFO | Pointers cache: Loaded 6 fields from the cache in 0ms
02:42:40 | INFO | Menu manager initialized.
02:42:40 | INFO | Submenu manager initialized.
02:42:41 | VERBOSE | gta_data_service.cpp:151 | Loading data from cache.
02:42:41 | INFO | Loading 1094 peds from cache.
02:42:41 | INFO | Loading 901 vehicles from cache.
02:42:41 | INFO | Loading 115 weapons from cache.
02:42:41 | INFO | Loading 452 weapon components from cache.
02:42:41 | INFO | Loading 466 scenarios from cache.
02:42:41 | INFO | Loading 3011 timecycles modifiers from cache.
02:42:41 | VERBOSE | gta_data_service.cpp:159 | Loaded all data from cache.
02:42:41 | INFO | Registering service instances...
02:42:41 | INFO | Registered service instances.
02:42:41 | VERBOSE | thread_pool.cpp:82 | Thread 16444 executing player_database_service.cpp:314
02:42:41 | INFO | Registering scripts...
02:42:41 | INFO | Initialized VFX backups and settings
02:42:41 | INFO | Scripts registered.
02:47:22 | INFO | Patched out the sigscanner
02:47:22 | INFO | The game is running in FSL Bypass mode
02:47:22 | INFO | Loading tunables from cache
