[GEARv1] [07:47:59] 

-------------------------------------------------------------------

[GEARv1] [07:47:59] FATAL ERROR: Failed to find trigger_script_event pattern.
[GEARv1] [07:48:01] FATAL ERROR: Failed to find explosionbombebypass pattern.
[GEARv1] [07:48:02] [Give me a sec just finding something)
[GEARv1] [07:48:02] 


.----.  .----. .----.  .---.  .--.  .-.   
| {}  }/  {}  \| {}  }{_   _}/ {} \ | |   
| .--' \      /| .-. \  | | /  /\  \| `--.
`-'     `----' `-' `-'  `-' `-'  `-'`----'

 __         __     111111   111111    
11 1       11 1   1111  11 11  1111   
1 1 1111_  1 1 1  1111\ 11 1 1  111   
 1 1111111  1 111    1 111  1 1111111 
  11111111   1111     1111   11111111 
                                      
                          
                                 


[GEARv1] [07:51:39] 

-------------------------------------------------------------------

[GEARv1] [07:51:40] FATAL ERROR: Failed to find trigger_script_event pattern.
[GEARv1] [07:51:41] FATAL ERROR: Failed to find explosionbombebypass pattern.
[GEARv1] [07:51:42] [Give me a sec just finding something)
[GEARv1] [07:51:42] 


.----.  .----. .----.  .---.  .--.  .-.   
| {}  }/  {}  \| {}  }{_   _}/ {} \ | |   
| .--' \      /| .-. \  | | /  /\  \| `--.
`-'     `----' `-' `-'  `-' `-'  `-'`----'

 __         __     111111   111111    
11 1       11 1   1111  11 11  1111   
1 1 1111_  1 1 1  1111\ 11 1 1  111   
 1 1111111  1 111    1 111  1 1111111 
  11111111   1111     1111   11111111 
                                      
                          
                                 


[GEARv1] [08:00:01] 

-------------------------------------------------------------------

[GEARv1] [08:00:02] FATAL ERROR: Failed to find trigger_script_event pattern.
[GEARv1] [08:00:03] FATAL ERROR: Failed to find explosionbombebypass pattern.
[GEARv1] [08:00:04] [Give me a sec just finding something)
[GEARv1] [08:00:04] 


.----.  .----. .----.  .---.  .--.  .-.   
| {}  }/  {}  \| {}  }{_   _}/ {} \ | |   
| .--' \      /| .-. \  | | /  /\  \| `--.
`-'     `----' `-' `-'  `-' `-'  `-'`----'

 __         __     111111   111111    
11 1       11 1   1111  11 11  1111   
1 1 1111_  1 1 1  1111\ 11 1 1  111   
 1 1111111  1 111    1 111  1 1111111 
  11111111   1111     1111   11111111 
                                      
                          
                                 


[GEARv1] [08:05:38] 

-------------------------------------------------------------------

[GEARv1] [08:05:38] FATAL ERROR: Failed to find trigger_script_event pattern.
[GEARv1] [08:05:53] FATAL ERROR: Failed to find explosionbombebypass pattern.
[GEARv1] [08:05:54] [Give me a sec just finding something)
[GEARv1] [08:05:54] 


.----.  .----. .----.  .---.  .--.  .-.   
| {}  }/  {}  \| {}  }{_   _}/ {} \ | |   
| .--' \      /| .-. \  | | /  /\  \| `--.
`-'     `----' `-' `-'  `-' `-'  `-'`----'

 __         __     111111   111111    
11 1       11 1   1111  11 11  1111   
1 1 1111_  1 1 1  1111\ 11 1 1  111   
 1 1111111  1 111    1 111  1 1111111 
  11111111   1111     1111   11111111 
                                      
                          
                                 


[GEARv1] [08:13:44] 

-------------------------------------------------------------------

[GEARv1] [08:13:44] FATAL ERROR: Failed to find trigger_script_event pattern.
[GEARv1] [08:13:45] FATAL ERROR: Failed to find explosionbombebypass pattern.
[GEARv1] [08:13:46] [Give me a sec just finding something)
[GEARv1] [08:13:46] 


111111  111111 111111  11111  1111  111   11 11  11  11  11 11  111   111 11 1 1 1   
1 1111 1      11 111 1  1 1 1  11  11 1111
111     111111 111 111  111 111  111111111

 __         __     111111   111111    
11 1       11 1   1111  11 11  1111   
1 1 1111_  1 1 1  1111\ 11 1 1  111   
 1 1111111  1 111    1 111  1 1111111 
  11111111   1111     1111   11111111 
                                      
                          
                                 


